[2026-01-25T00:54:37.205Z] Intent: pricing | Msg: check prices
[2026-01-25T00:54:37.232Z] Generated Response: Take a look at our services:
1. Test - ₦20,000.00
...
[2026-01-25T00:54:52.258Z] Intent: booking | Msg: book an appointment
[2026-01-25T00:54:52.289Z] Generated Response: I can help you book an appointment. What service w...
[2026-01-25T00:55:23.973Z] Intent: greeting | Msg: hello
[2026-01-25T00:55:23.978Z] Generated Response: Good day! You've reached Test. I'm here to help wi...
[2026-01-25T00:55:35.101Z] Intent: unknown | Msg: bfdbfdbd
[2026-01-25T00:55:35.107Z] Generated Response: I didn't quite catch that. You can ask for our **m...
[2026-01-25T00:55:54.218Z] Intent: location | Msg: location
[2026-01-25T00:55:54.225Z] Generated Response: You can find us at:
Lagos
...
[2026-01-25T00:56:02.097Z] Intent: hours | Msg: hours
[2026-01-25T00:56:02.111Z] Generated Response: We are open at these times:
Friday: 9:00 AM - 5:00...
[2026-01-25T00:56:09.623Z] Intent: services | Msg: menu
[2026-01-25T00:56:09.634Z] Generated Response: Take a look at our services:
1. Test - ₦20,000.00
...
[2026-01-25T00:57:51.606Z] Intent: unknown | Msg: xdfvdfadfs
[2026-01-25T00:57:51.615Z] Generated Response: I didn't quite catch that. You can ask for our **m...
[2026-01-25T00:58:08.203Z] Intent: services | Msg: menu
[2026-01-25T00:58:08.214Z] Generated Response: Take a look at our services:
1. Test - ₦20,000.00
...
[2026-01-25T00:59:57.405Z] Intent: unknown | Msg: rthhebrtgrtrt
[2026-01-25T00:59:57.417Z] Generated Response: I'm not sure I understood. I can help you **book a...
[2026-01-25T01:00:04.454Z] Intent: services | Msg: menu
[2026-01-25T01:00:04.462Z] Generated Response: Take a look at our services:
1. Test - ₦20,000.00
...
[2026-01-25T01:00:11.915Z] Intent: location | Msg: location
[2026-01-25T01:00:11.919Z] Generated Response: Our office is located at:
Lagos...
[2026-01-25T01:00:17.665Z] Intent: unknown | Msg: pric
[2026-01-25T01:00:17.676Z] Generated Response: I didn't quite catch that. You can ask for our **m...
[2026-01-25T01:11:04.412Z] Intent: greeting | Msg: hello
[2026-01-25T01:11:04.417Z] Generated Response: Hello! Welcome to Test. How can I assist you today...
[2026-01-25T01:11:10.151Z] Intent: services | Msg: servic
[2026-01-25T01:11:10.160Z] Generated Response: Take a look at our services:
1. Test - ₦20,000.00
...
[2026-01-25T01:17:38.535Z] Intent: unknown | Msg: dfbdfbdfbffd
[2026-01-25T01:17:38.541Z] Generated Response: I'm not sure I understood. I can help you **book a...
[2026-01-25T01:19:59.525Z] Intent: greeting | Msg: hello
[2026-01-25T01:19:59.530Z] Generated Response: Hi there! Thanks for reaching out to Test. What ca...
[2026-01-25T01:20:04.941Z] Intent: unknown | Msg: gegergergerre
[2026-01-25T01:20:04.954Z] Generated Response: Sorry, I missed that. Are you looking to see our *...
[2026-01-25T01:21:13.210Z] Intent: greeting | Msg: hello
[2026-01-25T01:21:13.215Z] Generated Response: Hi there! Thanks for reaching out to Test. What ca...
[2026-01-25T01:21:20.555Z] Intent: unknown | Msg: nbsdovnsdokvnsdon
[2026-01-25T01:21:20.565Z] Generated Response: Sorry, I missed that. Are you looking to see our *...
[2026-01-25T01:23:48.468Z] Intent: greeting | Msg: hello
[2026-01-25T01:23:48.476Z] Generated Response: Good day! You've reached Test. I'm here to help wi...
[2026-01-25T01:23:54.963Z] Intent: unknown | Msg: nsonvodnsd
[2026-01-25T01:23:54.968Z] Generated Response: I'm not sure I understood. I can help you **book a...
[2026-01-25T01:26:29.458Z] Intent: greeting | Msg: hello
[2026-01-25T01:26:29.463Z] Generated Response: Hi there! Thanks for reaching out to Test. What ca...
[2026-01-25T01:26:34.183Z] Intent: unknown | Msg: ivbsivbsibsd
[2026-01-25T01:26:34.188Z] Generated Response: Sorry, I missed that. Are you looking to see our *...
[2026-01-25T01:33:09.564Z] Intent: hours | Msg: hours
[2026-01-25T01:33:09.577Z] Generated Response: Here are our business hours:
Friday: 9:00 AM - 5:0...
[2026-01-25T01:53:52.972Z] Intent: greeting | Msg: hello
[2026-01-25T01:53:52.984Z] Generated Response: Hello! Welcome to Test. How can I assist you today...
[2026-01-25T01:54:04.985Z] Intent: unknown | Msg: bfdrhbhbrfdbf
[2026-01-25T01:54:04.991Z] Generated Response: I didn't quite catch that. You can ask for our **m...
[2026-01-25T01:55:57.018Z] Intent: greeting | Msg: Hello
[2026-01-25T01:55:57.023Z] Generated Response: Hello! Welcome to Test. How can I assist you today...
[2026-01-25T01:56:43.061Z] Intent: greeting | Msg: I don't understand how this works
[2026-01-25T01:56:43.072Z] Generated Response: Good day! You've reached Test. I'm here to help wi...
[2026-01-25T01:57:58.489Z] Intent: greeting | Msg: hello
[2026-01-25T01:57:58.494Z] Generated Response: Hello! Welcome to Test. How can I assist you today...
[2026-01-25T01:59:03.936Z] Intent: greeting | Msg: Hello
[2026-01-25T01:59:03.941Z] Generated Response: Hi there! Thanks for reaching out to Test. What ca...
[2026-01-25T01:59:09.819Z] Intent: help | Msg: I don't understand
[2026-01-25T01:59:09.826Z] Generated Response: I understand you need assistance. I'm connecting y...
[2026-01-25T01:59:37.908Z] Intent: greeting | Msg: hello
[2026-01-25T01:59:37.914Z] Generated Response: Good day! You've reached Test. I'm here to help wi...
[2026-01-25T01:59:44.072Z] Intent: help | Msg: I don't understand
[2026-01-25T01:59:44.077Z] Generated Response: I understand you need assistance. I'm connecting y...
[2026-01-25T02:02:00.661Z] Intent: greeting | Msg: hello
[2026-01-25T02:02:00.669Z] Generated Response: Good day! You've reached Test. I'm here to help wi...
[2026-01-25T02:23:01.034Z] Intent: unknown | Msg: inquiries
[2026-01-25T02:23:01.039Z] Generated Response: I'm not sure I understood. I can help you **book a...
[2026-01-25T02:39:08.950Z] Intent: greeting | Msg: hello
[2026-01-25T02:39:08.958Z] Generated Response: Hello! Welcome to Test. How can I assist you today...
[2026-01-26T00:27:52.184Z] Intent: greeting | Msg: hello
[2026-01-26T00:27:52.192Z] Generated Response: Hi there! Thanks for reaching out to Test. What ca...
[2026-01-26T00:27:59.262Z] Intent: services | Msg: menu
[2026-01-26T00:27:59.289Z] Generated Response: Take a look at our services:
1. Car Pre-Purchase I...
[2026-01-26T00:31:04.296Z] Intent: greeting | Msg: hello
[2026-01-26T00:31:04.303Z] Generated Response: Good day! You've reached Test. I'm here to help wi...
[2026-01-26T00:31:09.293Z] Intent: services | Msg: menu
[2026-01-26T00:31:09.303Z] Generated Response: Here is what we offer:
1. Car Pre-Purchase Inspect...
[2026-01-26T00:35:01.516Z] Intent: greeting | Msg: Hello
[2026-01-26T00:35:01.522Z] Generated Response: Hello! Welcome to Test. How can I assist you today...
[2026-01-26T00:35:06.893Z] Intent: services | Msg: menu
[2026-01-26T00:35:06.909Z] Generated Response: Here is what we offer:
1. Car Pre-Purchase Inspect...
[2026-01-26T00:40:30.873Z] Intent: greeting | Msg: hello
[2026-01-26T00:40:30.882Z] Generated Response: Hi there! Thanks for reaching out to Test. What ca...
[2026-01-26T00:40:36.361Z] Intent: services | Msg: menu
[2026-01-26T00:40:36.374Z] Generated Response: Here is what we offer:
1. Car Pre-Purchase Inspect...
[2026-01-26T00:43:54.386Z] Intent: greeting | Msg: hello
[2026-01-26T00:43:54.492Z] Generated Response: Hello! Welcome to Test. How can I assist you today...
[2026-01-26T00:43:59.828Z] Intent: services | Msg: menu
[2026-01-26T00:43:59.840Z] Generated Response: Take a look at our services:
1. Car Pre-Purchase I...
[2026-01-26T00:54:24.180Z] Intent: greeting | Msg: hello
[2026-01-26T00:54:24.188Z] Generated Response: Hello! Welcome to Test. How can I assist you today...
[2026-01-26T00:54:37.188Z] Intent: services | Msg: menu
[2026-01-26T00:54:37.212Z] Generated Response: Take a look at our services:
1. Car Pre-Purchase I...
[2026-01-26T01:03:23.390Z] Intent: greeting | Msg: hello
[2026-01-26T01:03:23.407Z] Generated Response: Hi there! Thanks for reaching out to Test. What ca...
[2026-01-26T01:03:32.872Z] Intent: services | Msg: menu
[2026-01-26T01:03:32.888Z] Generated Response: Take a look at our services:
1. Car Pre-Purchase I...
[2026-01-26T01:10:42.124Z] Intent: greeting | Msg: hello
[2026-01-26T01:10:42.130Z] Generated Response: Hello! Welcome to Test. How can I assist you today...
[2026-01-26T01:10:48.886Z] Intent: services | Msg: menu
[2026-01-26T01:10:48.901Z] Generated Response: Here is what we offer:
1. Car Pre-Purchase Inspect...
[2026-01-26T01:31:51.151Z] Intent: greeting | Msg: hello
[2026-01-26T01:31:51.158Z] Generated Response: Good day! You've reached Test. I'm here to help wi...
[2026-01-26T01:31:57.056Z] Intent: services | Msg: menu
[2026-01-26T01:31:57.072Z] Generated Response: Take a look at our services:
1. Car Pre-Purchase I...
[2026-01-26T01:45:20.386Z] Intent: greeting | Msg: hello
[2026-01-26T01:45:20.392Z] Generated Response: Hi there! Thanks for reaching out to Test. What ca...
[2026-01-26T01:45:35.948Z] Intent: services | Msg: menu
[2026-01-26T01:45:35.959Z] Generated Response: Take a look at our services:
1. Car Pre-Purchase I...
[2026-01-26T01:53:07.370Z] Intent: greeting | Msg: hello
[2026-01-26T01:53:07.490Z] Generated Response: Good day! You've reached Test. I'm here to help wi...
[2026-01-26T01:57:47.314Z] Intent: greeting | Msg: hello
[2026-01-26T01:57:47.339Z] Generated Response: Good day! You've reached Test. I'm here to help wi...
[2026-01-26T02:01:57.181Z] Intent: greeting | Msg: hello
[2026-01-26T02:01:57.194Z] Generated Response: Hi there! Thanks for reaching out to Test. What ca...
[2026-01-26T02:05:03.335Z] Intent: greeting | Msg: hello
[2026-01-26T02:05:03.359Z] Generated Response: Hi there! Thanks for reaching out to Test. What ca...
[MATCH-DEBUG] Matching service for: "hello"
[MATCH-DEBUG] Normalized text: "hello"
[MATCH-DEBUG] Is numeric? false
[MATCH-DEBUG] Checking Contains Match...
[MATCH-DEBUG] No match found
[2026-01-26T02:07:24.414Z] Intent: greeting | Msg: hello
[2026-01-26T02:07:24.425Z] Generated Response: Hello! Welcome to Test. How can I assist you today...
[MATCH-DEBUG] Matching service for: "1"
[MATCH-DEBUG] Normalized text: "1"
[MATCH-DEBUG] Is numeric? true
[MATCH-DEBUG] Numeric Index: 0
[MATCH-DEBUG] Sorted Services: Car Pre-Purchase Inspection, Test, Toyota Camry 2011 Green
[MATCH-DEBUG] returning numeric match: Car Pre-Purchase Inspection
[MATCH-DEBUG] Matching service for: "hello"
[MATCH-DEBUG] Normalized text: "hello"
[MATCH-DEBUG] Is numeric? false
[MATCH-DEBUG] Checking Contains Match...
[MATCH-DEBUG] No match found
[2026-01-26T02:10:23.803Z] Intent: greeting | Msg: hello
[2026-01-26T02:10:23.819Z] Generated Response: Hi there! Thanks for reaching out to Test. What ca...
[MATCH-DEBUG] Matching service for: "1"
[MATCH-DEBUG] Normalized text: "1"
[MATCH-DEBUG] Is numeric? true
[MATCH-DEBUG] Numeric Index: 0
[MATCH-DEBUG] Sorted Services: Car Pre-Purchase Inspection, Test, Toyota Camry 2011 Green
[MATCH-DEBUG] returning numeric match: Car Pre-Purchase Inspection
[MATCH-DEBUG] Matching service for: "helllo"
[MATCH-DEBUG] Normalized text: "helllo"
[MATCH-DEBUG] Is numeric? false
[MATCH-DEBUG] Checking Contains Match...
[MATCH-DEBUG] No match found
[2026-01-26T02:11:56.989Z] Intent: unknown | Msg: helllo
[2026-01-26T02:11:56.995Z] Generated Response: I'm not sure I understood. I can help you **book a...
[MATCH-DEBUG] Matching service for: "Good morning"
[MATCH-DEBUG] Normalized text: "good morning"
[MATCH-DEBUG] Is numeric? false
[MATCH-DEBUG] Checking Contains Match...
[MATCH-DEBUG] No match found
[2026-01-26T02:12:09.449Z] Intent: greeting | Msg: Good morning
[2026-01-26T02:12:09.458Z] Generated Response: Good day! You've reached Test. I'm here to help wi...
[MATCH-DEBUG] Matching service for: "2"
[MATCH-DEBUG] Normalized text: "2"
[MATCH-DEBUG] Is numeric? true
[MATCH-DEBUG] Numeric Index: 1
[MATCH-DEBUG] Sorted Services: Car Pre-Purchase Inspection, Test, Toyota Camry 2011 Green
[MATCH-DEBUG] returning numeric match: Test
[2026-01-26T02:21:23.449Z] Intent: greeting | Msg: hello
[2026-01-26T02:21:23.461Z] Generated Response: Hi there! Thanks for reaching out to Test. What ca...
[2026-01-26T02:22:40.965Z] Intent: greeting | Msg: hello
[2026-01-26T02:22:40.976Z] Generated Response: Good day! You've reached Test. I'm here to help wi...
[2026-01-26T02:25:41.955Z] Intent: greeting | Msg: hi
[2026-01-26T02:25:41.975Z] Generated Response: Hello! Welcome to Test. How can I assist you today...
[2026-01-26T13:25:44.188Z] Intent: greeting | Msg: hello I want to make enquiries
[2026-01-26T13:25:44.212Z] Generated Response: Hi there! Thanks for reaching out to Test. What ca...
